2024-12-12 20:42:12,905 - INFO - [main:408] - 
    =================== Starting Trading System ===================
    Monitoring symbols: BTCUSDT, ETHUSDT, BNBUSDT
    Timeframe: 1h
    Risk per trade: 1%
    ===========================================================
    
2024-12-12 20:42:12,905 - INFO - [main:422] - 
Starting analysis cycle #1
2024-12-12 20:42:12,905 - INFO - [__init__:59] - 
        =============== Initializing Trading System ===============
        Symbol: BTCUSDT
        Timeframe: 1h
        Risk: 1%
        Balance: $1000
        Min Volume: $1000
        Volatility Range: 0.1% - 5.0%
        ========================================================
        
2024-12-12 20:42:12,905 - INFO - [analyze:332] - 
==================================================
Starting analysis for BTCUSDT
==================================================
2024-12-12 20:42:12,905 - INFO - [analyze:337] - Step 1: Fetching historical data
2024-12-12 20:42:12,905 - INFO - [get_historical_data:72] - Fetching historical data for BTCUSDT (100 candles)
2024-12-12 20:42:13,022 - INFO - [get_historical_data:87] - Successfully fetched 100 candles
2024-12-12 20:42:13,026 - INFO - [analyze:344] - Step 2: Calculating technical indicators
2024-12-12 20:42:13,026 - INFO - [calculate_indicators:108] - Calculating technical indicators for BTCUSDT
2024-12-12 20:42:13,031 - INFO - [calculate_indicators:150] - Indicators calculated successfully in 0.00 seconds
2024-12-12 20:42:13,031 - INFO - [calculate_indicators:154] - 
            Latest Indicator Values for BTCUSDT:
            RSI: 46.72
            Short SMA: 100722.86
            Long SMA: 100826.62
            Volume Ratio: 0.44
            ATR: 571.10
            Volatility: 0.54%
            
2024-12-12 20:42:13,032 - INFO - [analyze:351] - Step 3: Analyzing market context
2024-12-12 20:42:13,032 - INFO - [analyze_market_context:172] - Analyzing market context for BTCUSDT
2024-12-12 20:42:13,032 - INFO - [analyze_market_context:218] - 
            Market Context Analysis for BTCUSDT:
            Trend: downtrend
            Trend Strength: 0.16
            Volatility: normal
            Volume Status: low
            Suitable for Trading: False
            
2024-12-12 20:42:13,032 - INFO - [analyze:358] - Step 4: Searching for trading signals
2024-12-12 20:42:13,033 - INFO - [find_entry_points:258] - Searching for entry points for BTCUSDT
2024-12-12 20:42:13,033 - INFO - [find_entry_points:264] - Market context not suitable for trading, skipping signal search
2024-12-12 20:42:13,033 - INFO - [analyze:372] - 
            Analysis Results for BTCUSDT:
            Time taken: 0.13 seconds
            Latest price: 100882.35
            Latest volume: 487.65949
            Number of signals: 0
            Market context: downtrend (strength: 0.16)
            Suitable for trading: False
            
2024-12-12 20:42:13,033 - INFO - [main:440] - No trading signals for BTCUSDT
2024-12-12 20:42:13,033 - INFO - [__init__:59] - 
        =============== Initializing Trading System ===============
        Symbol: ETHUSDT
        Timeframe: 1h
        Risk: 1%
        Balance: $1000
        Min Volume: $1000
        Volatility Range: 0.1% - 5.0%
        ========================================================
        
2024-12-12 20:42:13,033 - INFO - [analyze:332] - 
==================================================
Starting analysis for ETHUSDT
==================================================
2024-12-12 20:42:13,033 - INFO - [analyze:337] - Step 1: Fetching historical data
2024-12-12 20:42:13,033 - INFO - [get_historical_data:72] - Fetching historical data for ETHUSDT (100 candles)
2024-12-12 20:42:13,145 - INFO - [get_historical_data:87] - Successfully fetched 100 candles
2024-12-12 20:42:13,147 - INFO - [analyze:344] - Step 2: Calculating technical indicators
2024-12-12 20:42:13,147 - INFO - [calculate_indicators:108] - Calculating technical indicators for ETHUSDT
2024-12-12 20:42:13,151 - INFO - [calculate_indicators:150] - Indicators calculated successfully in 0.00 seconds
2024-12-12 20:42:13,151 - INFO - [calculate_indicators:154] - 
            Latest Indicator Values for ETHUSDT:
            RSI: 65.62
            Short SMA: 3920.40
            Long SMA: 3870.10
            Volume Ratio: 0.48
            ATR: 40.05
            Volatility: 0.44%
            
2024-12-12 20:42:13,152 - INFO - [analyze:351] - Step 3: Analyzing market context
2024-12-12 20:42:13,152 - INFO - [analyze_market_context:172] - Analyzing market context for ETHUSDT
2024-12-12 20:42:13,152 - INFO - [analyze_market_context:218] - 
            Market Context Analysis for ETHUSDT:
            Trend: uptrend
            Trend Strength: 0.78
            Volatility: normal
            Volume Status: low
            Suitable for Trading: False
            
2024-12-12 20:42:13,152 - INFO - [analyze:358] - Step 4: Searching for trading signals
2024-12-12 20:42:13,152 - INFO - [find_entry_points:258] - Searching for entry points for ETHUSDT
2024-12-12 20:42:13,152 - INFO - [find_entry_points:264] - Market context not suitable for trading, skipping signal search
2024-12-12 20:42:13,152 - INFO - [analyze:372] - 
            Analysis Results for ETHUSDT:
            Time taken: 0.12 seconds
            Latest price: 3928.67
            Latest volume: 8385.8056
            Number of signals: 0
            Market context: uptrend (strength: 0.78)
            Suitable for trading: False
            
2024-12-12 20:42:13,152 - INFO - [main:440] - No trading signals for ETHUSDT
2024-12-12 20:42:13,152 - INFO - [__init__:59] - 
        =============== Initializing Trading System ===============
        Symbol: BNBUSDT
        Timeframe: 1h
        Risk: 1%
        Balance: $1000
        Min Volume: $1000
        Volatility Range: 0.1% - 5.0%
        ========================================================
        
2024-12-12 20:42:13,152 - INFO - [analyze:332] - 
==================================================
Starting analysis for BNBUSDT
==================================================
2024-12-12 20:42:13,152 - INFO - [analyze:337] - Step 1: Fetching historical data
2024-12-12 20:42:13,152 - INFO - [get_historical_data:72] - Fetching historical data for BNBUSDT (100 candles)
2024-12-12 20:42:13,264 - INFO - [get_historical_data:87] - Successfully fetched 100 candles
2024-12-12 20:42:13,267 - INFO - [analyze:344] - Step 2: Calculating technical indicators
2024-12-12 20:42:13,267 - INFO - [calculate_indicators:108] - Calculating technical indicators for BNBUSDT
2024-12-12 20:42:13,273 - INFO - [calculate_indicators:150] - Indicators calculated successfully in 0.01 seconds
2024-12-12 20:42:13,273 - INFO - [calculate_indicators:154] - 
            Latest Indicator Values for BNBUSDT:
            RSI: 56.01
            Short SMA: 718.39
            Long SMA: 713.24
            Volume Ratio: 0.71
            ATR: 7.10
            Volatility: 0.53%
            
2024-12-12 20:42:13,273 - INFO - [analyze:351] - Step 3: Analyzing market context
2024-12-12 20:42:13,273 - INFO - [analyze_market_context:172] - Analyzing market context for BNBUSDT
2024-12-12 20:42:13,274 - INFO - [analyze_market_context:218] - 
            Market Context Analysis for BNBUSDT:
            Trend: uptrend
            Trend Strength: 0.30
            Volatility: normal
            Volume Status: normal
            Suitable for Trading: True
            
2024-12-12 20:42:13,274 - INFO - [analyze:358] - Step 4: Searching for trading signals
2024-12-12 20:42:13,274 - INFO - [find_entry_points:258] - Searching for entry points for BNBUSDT
2024-12-12 20:42:13,274 - INFO - [find_entry_points:323] - Found 0 potential signals
2024-12-12 20:42:13,274 - INFO - [analyze:372] - 
            Analysis Results for BNBUSDT:
            Time taken: 0.12 seconds
            Latest price: 716.23
            Latest volume: 16488.061
            Number of signals: 0
            Market context: uptrend (strength: 0.30)
            Suitable for trading: True
            
2024-12-12 20:42:13,275 - INFO - [main:440] - No trading signals for BNBUSDT
2024-12-12 20:42:13,275 - INFO - [main:446] - 
        Analysis cycle #1 completed:
        Duration: 0.37 seconds
        Symbols analyzed: 3
        Next update in 5 minutes
        
2024-12-12 21:08:53,334 - INFO - [main:422] - 
Starting analysis cycle #2
2024-12-12 21:08:53,350 - INFO - [__init__:59] - 
        =============== Initializing Trading System ===============
        Symbol: BTCUSDT
        Timeframe: 1h
        Risk: 1%
        Balance: $1000
        Min Volume: $1000
        Volatility Range: 0.1% - 5.0%
        ========================================================
        
2024-12-12 21:08:53,351 - INFO - [analyze:332] - 
==================================================
Starting analysis for BTCUSDT
==================================================
2024-12-12 21:08:53,351 - INFO - [analyze:337] - Step 1: Fetching historical data
2024-12-12 21:08:53,351 - INFO - [get_historical_data:72] - Fetching historical data for BTCUSDT (100 candles)
2024-12-12 21:08:53,565 - INFO - [get_historical_data:87] - Successfully fetched 100 candles
2024-12-12 21:08:53,603 - INFO - [analyze:344] - Step 2: Calculating technical indicators
2024-12-12 21:08:53,603 - INFO - [calculate_indicators:108] - Calculating technical indicators for BTCUSDT
2024-12-12 21:08:53,612 - INFO - [calculate_indicators:150] - Indicators calculated successfully in 0.01 seconds
2024-12-12 21:08:53,613 - INFO - [calculate_indicators:154] - 
            Latest Indicator Values for BTCUSDT:
            RSI: 47.33
            Short SMA: 100688.78
            Long SMA: 100878.00
            Volume Ratio: 0.09
            ATR: 552.80
            Volatility: 0.13%
            
2024-12-12 21:08:53,613 - INFO - [analyze:351] - Step 3: Analyzing market context
2024-12-12 21:08:53,613 - INFO - [analyze_market_context:172] - Analyzing market context for BTCUSDT
2024-12-12 21:08:53,613 - INFO - [analyze_market_context:218] - 
            Market Context Analysis for BTCUSDT:
            Trend: downtrend
            Trend Strength: 0.13
            Volatility: normal
            Volume Status: low
            Suitable for Trading: False
            
2024-12-12 21:08:53,613 - INFO - [analyze:358] - Step 4: Searching for trading signals
2024-12-12 21:08:53,613 - INFO - [find_entry_points:258] - Searching for entry points for BTCUSDT
2024-12-12 21:08:53,613 - INFO - [find_entry_points:264] - Market context not suitable for trading, skipping signal search
2024-12-12 21:08:53,613 - INFO - [analyze:372] - 
            Analysis Results for BTCUSDT:
            Time taken: 0.26 seconds
            Latest price: 100863.97
            Latest volume: 92.9939
            Number of signals: 0
            Market context: downtrend (strength: 0.13)
            Suitable for trading: False
            
2024-12-12 21:08:53,613 - INFO - [main:440] - No trading signals for BTCUSDT
2024-12-12 21:08:53,613 - INFO - [__init__:59] - 
        =============== Initializing Trading System ===============
        Symbol: ETHUSDT
        Timeframe: 1h
        Risk: 1%
        Balance: $1000
        Min Volume: $1000
        Volatility Range: 0.1% - 5.0%
        ========================================================
        
2024-12-12 21:08:53,614 - INFO - [analyze:332] - 
==================================================
Starting analysis for ETHUSDT
==================================================
2024-12-12 21:08:53,614 - INFO - [analyze:337] - Step 1: Fetching historical data
2024-12-12 21:08:53,614 - INFO - [get_historical_data:72] - Fetching historical data for ETHUSDT (100 candles)
2024-12-12 21:08:53,721 - INFO - [get_historical_data:87] - Successfully fetched 100 candles
2024-12-12 21:08:53,723 - INFO - [analyze:344] - Step 2: Calculating technical indicators
2024-12-12 21:08:53,723 - INFO - [calculate_indicators:108] - Calculating technical indicators for ETHUSDT
2024-12-12 21:08:53,727 - INFO - [calculate_indicators:150] - Indicators calculated successfully in 0.00 seconds
2024-12-12 21:08:53,727 - INFO - [calculate_indicators:154] - 
            Latest Indicator Values for ETHUSDT:
            RSI: 69.71
            Short SMA: 3935.15
            Long SMA: 3881.27
            Volume Ratio: 0.56
            ATR: 42.56
            Volatility: 0.69%
            
2024-12-12 21:08:53,727 - INFO - [analyze:351] - Step 3: Analyzing market context
2024-12-12 21:08:53,727 - INFO - [analyze_market_context:172] - Analyzing market context for ETHUSDT
2024-12-12 21:08:53,728 - INFO - [analyze_market_context:218] - 
            Market Context Analysis for ETHUSDT:
            Trend: uptrend
            Trend Strength: 0.99
            Volatility: normal
            Volume Status: normal
            Suitable for Trading: True
            
2024-12-12 21:08:53,728 - INFO - [analyze:358] - Step 4: Searching for trading signals
2024-12-12 21:08:53,728 - INFO - [find_entry_points:258] - Searching for entry points for ETHUSDT
2024-12-12 21:08:53,728 - INFO - [find_entry_points:323] - Found 0 potential signals
2024-12-12 21:08:53,728 - INFO - [analyze:372] - 
            Analysis Results for ETHUSDT:
            Time taken: 0.11 seconds
            Latest price: 3959.1
            Latest volume: 9750.1238
            Number of signals: 0
            Market context: uptrend (strength: 0.99)
            Suitable for trading: True
            
2024-12-12 21:08:53,728 - INFO - [main:440] - No trading signals for ETHUSDT
2024-12-12 21:08:53,728 - INFO - [__init__:59] - 
        =============== Initializing Trading System ===============
        Symbol: BNBUSDT
        Timeframe: 1h
        Risk: 1%
        Balance: $1000
        Min Volume: $1000
        Volatility Range: 0.1% - 5.0%
        ========================================================
        
2024-12-12 21:08:53,728 - INFO - [analyze:332] - 
==================================================
Starting analysis for BNBUSDT
==================================================
2024-12-12 21:08:53,728 - INFO - [analyze:337] - Step 1: Fetching historical data
2024-12-12 21:08:53,728 - INFO - [get_historical_data:72] - Fetching historical data for BNBUSDT (100 candles)
2024-12-12 21:08:53,839 - INFO - [get_historical_data:87] - Successfully fetched 100 candles
2024-12-12 21:08:53,843 - INFO - [analyze:344] - Step 2: Calculating technical indicators
2024-12-12 21:08:53,843 - INFO - [calculate_indicators:108] - Calculating technical indicators for BNBUSDT
2024-12-12 21:08:53,849 - INFO - [calculate_indicators:150] - Indicators calculated successfully in 0.01 seconds
2024-12-12 21:08:53,849 - INFO - [calculate_indicators:154] - 
            Latest Indicator Values for BNBUSDT:
            RSI: 56.14
            Short SMA: 718.60
            Long SMA: 714.27
            Volume Ratio: 0.12
            ATR: 7.14
            Volatility: 0.32%
            
2024-12-12 21:08:53,850 - INFO - [analyze:351] - Step 3: Analyzing market context
2024-12-12 21:08:53,850 - INFO - [analyze_market_context:172] - Analyzing market context for BNBUSDT
2024-12-12 21:08:53,850 - INFO - [analyze_market_context:218] - 
            Market Context Analysis for BNBUSDT:
            Trend: uptrend
            Trend Strength: 0.31
            Volatility: normal
            Volume Status: low
            Suitable for Trading: False
            
2024-12-12 21:08:53,850 - INFO - [analyze:358] - Step 4: Searching for trading signals
2024-12-12 21:08:53,850 - INFO - [find_entry_points:258] - Searching for entry points for BNBUSDT
2024-12-12 21:08:53,850 - INFO - [find_entry_points:264] - Market context not suitable for trading, skipping signal search
2024-12-12 21:08:53,850 - INFO - [analyze:372] - 
            Analysis Results for BNBUSDT:
            Time taken: 0.12 seconds
            Latest price: 717.98
            Latest volume: 2627.217
            Number of signals: 0
            Market context: uptrend (strength: 0.31)
            Suitable for trading: False
            
2024-12-12 21:08:53,851 - INFO - [main:440] - No trading signals for BNBUSDT
2024-12-12 21:08:53,851 - INFO - [main:446] - 
        Analysis cycle #2 completed:
        Duration: 0.53 seconds
        Symbols analyzed: 3
        Next update in 5 minutes
        
2024-12-12 21:16:29,684 - INFO - [main:427] - 
    =================== Starting Trading System ===================
    Monitoring symbols: SOLUSDT
    Timeframe: 1h
    Risk per trade: 1%
    ===========================================================
    
2024-12-12 21:16:29,684 - INFO - [main:441] - 
Starting analysis cycle #1
2024-12-12 21:16:29,684 - INFO - [__init__:63] - 
        =============== Initializing Trading System ===============
        Symbol: SOLUSDT
        Timeframe: 1h
        Risk: 1%
        Balance: $1000
        Min Volume: $1000
        Volatility Range: 0.1% - 5.0%
        ========================================================
        
2024-12-12 21:16:29,684 - INFO - [analyze:350] - 
==================================================
Starting analysis for SOLUSDT
==================================================
2024-12-12 21:16:29,684 - INFO - [analyze:356] - Step 1: Fetching historical data
2024-12-12 21:16:29,684 - INFO - [get_historical_data:76] - Fetching historical data for SOLUSDT (100 candles)
2024-12-12 21:16:29,862 - INFO - [get_historical_data:94] - Successfully fetched 100 candles
2024-12-12 21:16:29,871 - INFO - [analyze:363] - Step 2: Calculating technical indicators
2024-12-12 21:16:29,871 - INFO - [calculate_indicators:117] - Calculating technical indicators for SOLUSDT
2024-12-12 21:16:29,879 - INFO - [calculate_indicators:162] - Indicators calculated successfully in 0.01 seconds
2024-12-12 21:16:29,880 - INFO - [calculate_indicators:167] - 
            Latest Indicator Values for SOLUSDT:
            RSI: 64.07
            Short SMA: 230.90
            Long SMA: 229.64
            Volume Ratio: 0.19
            ATR: 2.42
            Volatility: 0.45%
            
2024-12-12 21:16:29,880 - INFO - [analyze:370] - Step 3: Analyzing market context
2024-12-12 21:16:29,880 - INFO - [analyze_market_context:186] - Analyzing market context for SOLUSDT
2024-12-12 21:16:29,880 - INFO - [analyze_market_context:232] - 
            Market Context Analysis for SOLUSDT:
            Trend: uptrend
            Trend Strength: 0.70
            Volatility: normal
            Volume Status: low
            Suitable for Trading: False
            
2024-12-12 21:16:29,880 - INFO - [analyze:377] - Step 4: Searching for trading signals
2024-12-12 21:16:29,880 - INFO - [find_entry_points:274] - Searching for entry points for SOLUSDT
2024-12-12 21:16:29,880 - INFO - [find_entry_points:280] - Market context not suitable for trading, skipping signal search
2024-12-12 21:16:29,880 - INFO - [analyze:391] - 
            Analysis Results for SOLUSDT:
            Time taken: 0.20 seconds
            Latest price: 231.77
            Latest volume: 22913.523
            Number of signals: 0
            Market context: uptrend (strength: 0.70)
            Suitable for trading: False
            
2024-12-12 21:16:29,880 - INFO - [main:459] - No trading signals for SOLUSDT
2024-12-12 21:16:29,881 - INFO - [main:466] - 
        Analysis cycle #1 completed:
        Duration: 0.20 seconds
        Symbols analyzed: 1
        Next update in 5 minutes
        
2024-12-12 21:21:29,876 - INFO - [main:441] - 
Starting analysis cycle #2
2024-12-12 21:21:29,882 - INFO - [__init__:63] - 
        =============== Initializing Trading System ===============
        Symbol: SOLUSDT
        Timeframe: 1h
        Risk: 1%
        Balance: $1000
        Min Volume: $1000
        Volatility Range: 0.1% - 5.0%
        ========================================================
        
2024-12-12 21:21:29,882 - INFO - [analyze:350] - 
==================================================
Starting analysis for SOLUSDT
==================================================
2024-12-12 21:21:29,882 - INFO - [analyze:356] - Step 1: Fetching historical data
2024-12-12 21:21:29,882 - INFO - [get_historical_data:76] - Fetching historical data for SOLUSDT (100 candles)
2024-12-12 21:21:30,064 - INFO - [get_historical_data:94] - Successfully fetched 100 candles
2024-12-12 21:21:30,096 - INFO - [analyze:363] - Step 2: Calculating technical indicators
2024-12-12 21:21:30,096 - INFO - [calculate_indicators:117] - Calculating technical indicators for SOLUSDT
2024-12-12 21:21:30,106 - INFO - [calculate_indicators:162] - Indicators calculated successfully in 0.01 seconds
2024-12-12 21:21:30,106 - INFO - [calculate_indicators:167] - 
            Latest Indicator Values for SOLUSDT:
            RSI: 65.44
            Short SMA: 231.03
            Long SMA: 229.67
            Volume Ratio: 0.29
            ATR: 2.46
            Volatility: 0.68%
            
2024-12-12 21:21:30,106 - INFO - [analyze:370] - Step 3: Analyzing market context
2024-12-12 21:21:30,106 - INFO - [analyze_market_context:186] - Analyzing market context for SOLUSDT
2024-12-12 21:21:30,106 - INFO - [analyze_market_context:232] - 
            Market Context Analysis for SOLUSDT:
            Trend: uptrend
            Trend Strength: 0.77
            Volatility: normal
            Volume Status: low
            Suitable for Trading: False
            
2024-12-12 21:21:30,106 - INFO - [analyze:377] - Step 4: Searching for trading signals
2024-12-12 21:21:30,106 - INFO - [find_entry_points:274] - Searching for entry points for SOLUSDT
2024-12-12 21:21:30,106 - INFO - [find_entry_points:280] - Market context not suitable for trading, skipping signal search
2024-12-12 21:21:30,106 - INFO - [analyze:391] - 
            Analysis Results for SOLUSDT:
            Time taken: 0.22 seconds
            Latest price: 232.4
            Latest volume: 34896.092
            Number of signals: 0
            Market context: uptrend (strength: 0.77)
            Suitable for trading: False
            
2024-12-12 21:21:30,107 - INFO - [main:459] - No trading signals for SOLUSDT
2024-12-12 21:21:30,107 - INFO - [main:466] - 
        Analysis cycle #2 completed:
        Duration: 0.23 seconds
        Symbols analyzed: 1
        Next update in 5 minutes
        
2024-12-12 21:26:30,106 - INFO - [main:441] - 
Starting analysis cycle #3
2024-12-12 21:26:30,111 - INFO - [__init__:63] - 
        =============== Initializing Trading System ===============
        Symbol: SOLUSDT
        Timeframe: 1h
        Risk: 1%
        Balance: $1000
        Min Volume: $1000
        Volatility Range: 0.1% - 5.0%
        ========================================================
        
2024-12-12 21:26:30,111 - INFO - [analyze:350] - 
==================================================
Starting analysis for SOLUSDT
==================================================
2024-12-12 21:26:30,111 - INFO - [analyze:356] - Step 1: Fetching historical data
2024-12-12 21:26:30,112 - INFO - [get_historical_data:76] - Fetching historical data for SOLUSDT (100 candles)
2024-12-12 21:26:30,293 - INFO - [get_historical_data:94] - Successfully fetched 100 candles
2024-12-12 21:26:30,326 - INFO - [analyze:363] - Step 2: Calculating technical indicators
2024-12-12 21:26:30,327 - INFO - [calculate_indicators:117] - Calculating technical indicators for SOLUSDT
2024-12-12 21:26:30,337 - INFO - [calculate_indicators:162] - Indicators calculated successfully in 0.01 seconds
2024-12-12 21:26:30,337 - INFO - [calculate_indicators:167] - 
            Latest Indicator Values for SOLUSDT:
            RSI: 64.03
            Short SMA: 230.90
            Long SMA: 229.64
            Volume Ratio: 0.38
            ATR: 2.47
            Volatility: 0.77%
            
2024-12-12 21:26:30,337 - INFO - [analyze:370] - Step 3: Analyzing market context
2024-12-12 21:26:30,337 - INFO - [analyze_market_context:186] - Analyzing market context for SOLUSDT
2024-12-12 21:26:30,337 - INFO - [analyze_market_context:232] - 
            Market Context Analysis for SOLUSDT:
            Trend: uptrend
            Trend Strength: 0.70
            Volatility: normal
            Volume Status: low
            Suitable for Trading: False
            
2024-12-12 21:26:30,337 - INFO - [analyze:377] - Step 4: Searching for trading signals
2024-12-12 21:26:30,337 - INFO - [find_entry_points:274] - Searching for entry points for SOLUSDT
2024-12-12 21:26:30,338 - INFO - [find_entry_points:280] - Market context not suitable for trading, skipping signal search
2024-12-12 21:26:30,338 - INFO - [analyze:391] - 
            Analysis Results for SOLUSDT:
            Time taken: 0.23 seconds
            Latest price: 231.75
            Latest volume: 46707.692
            Number of signals: 0
            Market context: uptrend (strength: 0.70)
            Suitable for trading: False
            
2024-12-12 21:26:30,338 - INFO - [main:459] - No trading signals for SOLUSDT
2024-12-12 21:26:30,338 - INFO - [main:466] - 
        Analysis cycle #3 completed:
        Duration: 0.24 seconds
        Symbols analyzed: 1
        Next update in 5 minutes
        
2024-12-12 21:31:30,338 - INFO - [main:441] - 
Starting analysis cycle #4
2024-12-12 21:31:30,343 - INFO - [__init__:63] - 
        =============== Initializing Trading System ===============
        Symbol: SOLUSDT
        Timeframe: 1h
        Risk: 1%
        Balance: $1000
        Min Volume: $1000
        Volatility Range: 0.1% - 5.0%
        ========================================================
        
2024-12-12 21:31:30,344 - INFO - [analyze:350] - 
==================================================
Starting analysis for SOLUSDT
==================================================
2024-12-12 21:31:30,344 - INFO - [analyze:356] - Step 1: Fetching historical data
2024-12-12 21:31:30,344 - INFO - [get_historical_data:76] - Fetching historical data for SOLUSDT (100 candles)
2024-12-12 21:31:30,526 - INFO - [get_historical_data:94] - Successfully fetched 100 candles
2024-12-12 21:31:30,557 - INFO - [analyze:363] - Step 2: Calculating technical indicators
2024-12-12 21:31:30,557 - INFO - [calculate_indicators:117] - Calculating technical indicators for SOLUSDT
2024-12-12 21:31:30,566 - INFO - [calculate_indicators:162] - Indicators calculated successfully in 0.01 seconds
2024-12-12 21:31:30,566 - INFO - [calculate_indicators:167] - 
            Latest Indicator Values for SOLUSDT:
            RSI: 64.00
            Short SMA: 230.89
            Long SMA: 229.64
            Volume Ratio: 0.48
            ATR: 2.47
            Volatility: 0.77%
            
2024-12-12 21:31:30,566 - INFO - [analyze:370] - Step 3: Analyzing market context
2024-12-12 21:31:30,566 - INFO - [analyze_market_context:186] - Analyzing market context for SOLUSDT
2024-12-12 21:31:30,566 - INFO - [analyze_market_context:232] - 
            Market Context Analysis for SOLUSDT:
            Trend: uptrend
            Trend Strength: 0.70
            Volatility: normal
            Volume Status: low
            Suitable for Trading: False
            
2024-12-12 21:31:30,566 - INFO - [analyze:377] - Step 4: Searching for trading signals
2024-12-12 21:31:30,566 - INFO - [find_entry_points:274] - Searching for entry points for SOLUSDT
2024-12-12 21:31:30,566 - INFO - [find_entry_points:280] - Market context not suitable for trading, skipping signal search
2024-12-12 21:31:30,566 - INFO - [analyze:391] - 
            Analysis Results for SOLUSDT:
            Time taken: 0.22 seconds
            Latest price: 231.74
            Latest volume: 58630.978
            Number of signals: 0
            Market context: uptrend (strength: 0.70)
            Suitable for trading: False
            
2024-12-12 21:31:30,567 - INFO - [main:459] - No trading signals for SOLUSDT
2024-12-12 21:31:30,567 - INFO - [main:466] - 
        Analysis cycle #4 completed:
        Duration: 0.23 seconds
        Symbols analyzed: 1
        Next update in 5 minutes
        
2024-12-12 21:36:30,566 - INFO - [main:441] - 
Starting analysis cycle #5
2024-12-12 21:36:30,572 - INFO - [__init__:63] - 
        =============== Initializing Trading System ===============
        Symbol: SOLUSDT
        Timeframe: 1h
        Risk: 1%
        Balance: $1000
        Min Volume: $1000
        Volatility Range: 0.1% - 5.0%
        ========================================================
        
2024-12-12 21:36:30,572 - INFO - [analyze:350] - 
==================================================
Starting analysis for SOLUSDT
==================================================
2024-12-12 21:36:30,572 - INFO - [analyze:356] - Step 1: Fetching historical data
2024-12-12 21:36:30,572 - INFO - [get_historical_data:76] - Fetching historical data for SOLUSDT (100 candles)
2024-12-12 21:36:30,754 - INFO - [get_historical_data:94] - Successfully fetched 100 candles
2024-12-12 21:36:30,785 - INFO - [analyze:363] - Step 2: Calculating technical indicators
2024-12-12 21:36:30,785 - INFO - [calculate_indicators:117] - Calculating technical indicators for SOLUSDT
2024-12-12 21:36:30,794 - INFO - [calculate_indicators:162] - Indicators calculated successfully in 0.01 seconds
2024-12-12 21:36:30,794 - INFO - [calculate_indicators:167] - 
            Latest Indicator Values for SOLUSDT:
            RSI: 56.96
            Short SMA: 230.48
            Long SMA: 229.54
            Volume Ratio: 0.87
            ATR: 2.59
            Volatility: 1.50%
            
2024-12-12 21:36:30,794 - INFO - [analyze:370] - Step 3: Analyzing market context
2024-12-12 21:36:30,794 - INFO - [analyze_market_context:186] - Analyzing market context for SOLUSDT
2024-12-12 21:36:30,795 - INFO - [analyze_market_context:232] - 
            Market Context Analysis for SOLUSDT:
            Trend: uptrend
            Trend Strength: 0.35
            Volatility: normal
            Volume Status: normal
            Suitable for Trading: True
            
2024-12-12 21:36:30,795 - INFO - [analyze:377] - Step 4: Searching for trading signals
2024-12-12 21:36:30,795 - INFO - [find_entry_points:274] - Searching for entry points for SOLUSDT
2024-12-12 21:36:30,795 - INFO - [find_entry_points:340] - Found 0 potential signals
2024-12-12 21:36:30,795 - INFO - [analyze:391] - 
            Analysis Results for SOLUSDT:
            Time taken: 0.22 seconds
            Latest price: 229.68
            Latest volume: 108519.739
            Number of signals: 0
            Market context: uptrend (strength: 0.35)
            Suitable for trading: True
            
2024-12-12 21:36:30,795 - INFO - [main:459] - No trading signals for SOLUSDT
2024-12-12 21:36:30,795 - INFO - [main:466] - 
        Analysis cycle #5 completed:
        Duration: 0.23 seconds
        Symbols analyzed: 1
        Next update in 5 minutes
        
2024-12-12 21:41:35,161 - INFO - [main:441] - 
Starting analysis cycle #6
2024-12-12 21:41:35,167 - INFO - [__init__:63] - 
        =============== Initializing Trading System ===============
        Symbol: SOLUSDT
        Timeframe: 1h
        Risk: 1%
        Balance: $1000
        Min Volume: $1000
        Volatility Range: 0.1% - 5.0%
        ========================================================
        
2024-12-12 21:41:35,167 - INFO - [analyze:350] - 
==================================================
Starting analysis for SOLUSDT
==================================================
2024-12-12 21:41:35,167 - INFO - [analyze:356] - Step 1: Fetching historical data
2024-12-12 21:41:35,167 - INFO - [get_historical_data:76] - Fetching historical data for SOLUSDT (100 candles)
2024-12-12 21:41:35,346 - INFO - [get_historical_data:94] - Successfully fetched 100 candles
2024-12-12 21:41:35,377 - INFO - [analyze:363] - Step 2: Calculating technical indicators
2024-12-12 21:41:35,377 - INFO - [calculate_indicators:117] - Calculating technical indicators for SOLUSDT
2024-12-12 21:41:35,386 - INFO - [calculate_indicators:162] - Indicators calculated successfully in 0.01 seconds
2024-12-12 21:41:35,386 - INFO - [calculate_indicators:167] - 
            Latest Indicator Values for SOLUSDT:
            RSI: 58.74
            Short SMA: 230.59
            Long SMA: 229.56
            Volume Ratio: 1.24
            ATR: 2.63
            Volatility: 1.75%
            
2024-12-12 21:41:35,387 - INFO - [analyze:370] - Step 3: Analyzing market context
2024-12-12 21:41:35,387 - INFO - [analyze_market_context:186] - Analyzing market context for SOLUSDT
2024-12-12 21:41:35,387 - INFO - [analyze_market_context:232] - 
            Market Context Analysis for SOLUSDT:
            Trend: uptrend
            Trend Strength: 0.44
            Volatility: normal
            Volume Status: normal
            Suitable for Trading: True
            
2024-12-12 21:41:35,387 - INFO - [analyze:377] - Step 4: Searching for trading signals
2024-12-12 21:41:35,387 - INFO - [find_entry_points:274] - Searching for entry points for SOLUSDT
2024-12-12 21:41:35,387 - INFO - [find_entry_points:340] - Found 0 potential signals
2024-12-12 21:41:35,387 - INFO - [analyze:391] - 
            Analysis Results for SOLUSDT:
            Time taken: 0.22 seconds
            Latest price: 230.2
            Latest volume: 158276.943
            Number of signals: 0
            Market context: uptrend (strength: 0.44)
            Suitable for trading: True
            
2024-12-12 21:41:35,387 - INFO - [main:459] - No trading signals for SOLUSDT
2024-12-12 21:41:35,387 - INFO - [main:466] - 
        Analysis cycle #6 completed:
        Duration: 0.23 seconds
        Symbols analyzed: 1
        Next update in 5 minutes
        
2024-12-12 21:46:35,393 - INFO - [main:441] - 
Starting analysis cycle #7
2024-12-12 21:46:35,398 - INFO - [__init__:63] - 
        =============== Initializing Trading System ===============
        Symbol: SOLUSDT
        Timeframe: 1h
        Risk: 1%
        Balance: $1000
        Min Volume: $1000
        Volatility Range: 0.1% - 5.0%
        ========================================================
        
2024-12-12 21:46:35,398 - INFO - [analyze:350] - 
==================================================
Starting analysis for SOLUSDT
==================================================
2024-12-12 21:46:35,398 - INFO - [analyze:356] - Step 1: Fetching historical data
2024-12-12 21:46:35,398 - INFO - [get_historical_data:76] - Fetching historical data for SOLUSDT (100 candles)
2024-12-12 21:46:35,586 - INFO - [get_historical_data:94] - Successfully fetched 100 candles
2024-12-12 21:46:35,640 - INFO - [analyze:363] - Step 2: Calculating technical indicators
2024-12-12 21:46:35,640 - INFO - [calculate_indicators:117] - Calculating technical indicators for SOLUSDT
2024-12-12 21:46:35,648 - INFO - [calculate_indicators:162] - Indicators calculated successfully in 0.01 seconds
2024-12-12 21:46:35,648 - INFO - [calculate_indicators:167] - 
            Latest Indicator Values for SOLUSDT:
            RSI: 56.96
            Short SMA: 230.48
            Long SMA: 229.54
            Volume Ratio: 1.39
            ATR: 2.63
            Volatility: 1.75%
            
2024-12-12 21:46:35,648 - INFO - [analyze:370] - Step 3: Analyzing market context
2024-12-12 21:46:35,648 - INFO - [analyze_market_context:186] - Analyzing market context for SOLUSDT
2024-12-12 21:46:35,648 - INFO - [analyze_market_context:232] - 
            Market Context Analysis for SOLUSDT:
            Trend: uptrend
            Trend Strength: 0.35
            Volatility: normal
            Volume Status: normal
            Suitable for Trading: True
            
2024-12-12 21:46:35,648 - INFO - [analyze:377] - Step 4: Searching for trading signals
2024-12-12 21:46:35,648 - INFO - [find_entry_points:274] - Searching for entry points for SOLUSDT
2024-12-12 21:46:35,648 - INFO - [find_entry_points:340] - Found 0 potential signals
2024-12-12 21:46:35,648 - INFO - [analyze:391] - 
            Analysis Results for SOLUSDT:
            Time taken: 0.25 seconds
            Latest price: 229.68
            Latest volume: 178348.117
            Number of signals: 0
            Market context: uptrend (strength: 0.35)
            Suitable for trading: True
            
2024-12-12 21:46:35,648 - INFO - [main:459] - No trading signals for SOLUSDT
2024-12-12 21:46:35,648 - INFO - [main:466] - 
        Analysis cycle #7 completed:
        Duration: 0.26 seconds
        Symbols analyzed: 1
        Next update in 5 minutes
        
2024-12-12 21:51:35,641 - INFO - [main:441] - 
Starting analysis cycle #8
2024-12-12 21:51:35,645 - INFO - [__init__:63] - 
        =============== Initializing Trading System ===============
        Symbol: SOLUSDT
        Timeframe: 1h
        Risk: 1%
        Balance: $1000
        Min Volume: $1000
        Volatility Range: 0.1% - 5.0%
        ========================================================
        
2024-12-12 21:51:35,645 - INFO - [analyze:350] - 
==================================================
Starting analysis for SOLUSDT
==================================================
2024-12-12 21:51:35,645 - INFO - [analyze:356] - Step 1: Fetching historical data
2024-12-12 21:51:35,645 - INFO - [get_historical_data:76] - Fetching historical data for SOLUSDT (100 candles)
2024-12-12 21:51:35,814 - INFO - [get_historical_data:94] - Successfully fetched 100 candles
2024-12-12 21:51:35,825 - INFO - [analyze:363] - Step 2: Calculating technical indicators
2024-12-12 21:51:35,825 - INFO - [calculate_indicators:117] - Calculating technical indicators for SOLUSDT
2024-12-12 21:51:35,832 - INFO - [calculate_indicators:162] - Indicators calculated successfully in 0.01 seconds
2024-12-12 21:51:35,832 - INFO - [calculate_indicators:167] - 
            Latest Indicator Values for SOLUSDT:
            RSI: 58.84
            Short SMA: 230.59
            Long SMA: 229.56
            Volume Ratio: 1.55
            ATR: 2.63
            Volatility: 1.75%
            
2024-12-12 21:51:35,832 - INFO - [analyze:370] - Step 3: Analyzing market context
2024-12-12 21:51:35,833 - INFO - [analyze_market_context:186] - Analyzing market context for SOLUSDT
2024-12-12 21:51:35,833 - INFO - [analyze_market_context:232] - 
            Market Context Analysis for SOLUSDT:
            Trend: uptrend
            Trend Strength: 0.44
            Volatility: normal
            Volume Status: high
            Suitable for Trading: True
            
2024-12-12 21:51:35,833 - INFO - [analyze:377] - Step 4: Searching for trading signals
2024-12-12 21:51:35,833 - INFO - [find_entry_points:274] - Searching for entry points for SOLUSDT
2024-12-12 21:51:35,833 - INFO - [find_entry_points:340] - Found 0 potential signals
2024-12-12 21:51:35,834 - INFO - [analyze:391] - 
            Analysis Results for SOLUSDT:
            Time taken: 0.19 seconds
            Latest price: 230.23
            Latest volume: 200897.82
            Number of signals: 0
            Market context: uptrend (strength: 0.44)
            Suitable for trading: True
            
2024-12-12 21:51:35,834 - INFO - [main:459] - No trading signals for SOLUSDT
2024-12-12 21:51:35,834 - INFO - [main:466] - 
        Analysis cycle #8 completed:
        Duration: 0.19 seconds
        Symbols analyzed: 1
        Next update in 5 minutes
        
2024-12-12 22:37:08,390 - INFO - [main:441] - 
Starting analysis cycle #9
2024-12-12 22:37:08,395 - INFO - [__init__:63] - 
        =============== Initializing Trading System ===============
        Symbol: SOLUSDT
        Timeframe: 1h
        Risk: 1%
        Balance: $1000
        Min Volume: $1000
        Volatility Range: 0.1% - 5.0%
        ========================================================
        
2024-12-12 22:37:08,396 - INFO - [analyze:350] - 
==================================================
Starting analysis for SOLUSDT
==================================================
2024-12-12 22:37:08,396 - INFO - [analyze:356] - Step 1: Fetching historical data
2024-12-12 22:37:08,396 - INFO - [get_historical_data:76] - Fetching historical data for SOLUSDT (100 candles)
2024-12-12 22:37:08,574 - INFO - [get_historical_data:94] - Successfully fetched 100 candles
2024-12-12 22:37:08,606 - INFO - [analyze:363] - Step 2: Calculating technical indicators
2024-12-12 22:37:08,606 - INFO - [calculate_indicators:117] - Calculating technical indicators for SOLUSDT
2024-12-12 22:37:08,615 - INFO - [calculate_indicators:162] - Indicators calculated successfully in 0.01 seconds
2024-12-12 22:37:08,615 - INFO - [calculate_indicators:167] - 
            Latest Indicator Values for SOLUSDT:
            RSI: 58.36
            Short SMA: 230.21
            Long SMA: 229.63
            Volume Ratio: 0.93
            ATR: 2.82
            Volatility: 1.77%
            
2024-12-12 22:37:08,615 - INFO - [analyze:370] - Step 3: Analyzing market context
2024-12-12 22:37:08,615 - INFO - [analyze_market_context:186] - Analyzing market context for SOLUSDT
2024-12-12 22:37:08,615 - INFO - [analyze_market_context:232] - 
            Market Context Analysis for SOLUSDT:
            Trend: uptrend
            Trend Strength: 0.42
            Volatility: normal
            Volume Status: normal
            Suitable for Trading: True
            
2024-12-12 22:37:08,615 - INFO - [analyze:377] - Step 4: Searching for trading signals
2024-12-12 22:37:08,615 - INFO - [find_entry_points:274] - Searching for entry points for SOLUSDT
2024-12-12 22:37:08,615 - INFO - [find_entry_points:340] - Found 0 potential signals
2024-12-12 22:37:08,615 - INFO - [analyze:391] - 
            Analysis Results for SOLUSDT:
            Time taken: 0.22 seconds
            Latest price: 230.1
            Latest volume: 116780.568
            Number of signals: 0
            Market context: uptrend (strength: 0.42)
            Suitable for trading: True
            
2024-12-12 22:37:08,616 - INFO - [main:459] - No trading signals for SOLUSDT
2024-12-12 22:37:08,616 - INFO - [main:466] - 
        Analysis cycle #9 completed:
        Duration: 0.23 seconds
        Symbols analyzed: 1
        Next update in 5 minutes
        
2024-12-12 22:45:41,734 - INFO - [main:441] - 
Starting analysis cycle #10
2024-12-12 22:45:41,739 - INFO - [__init__:63] - 
        =============== Initializing Trading System ===============
        Symbol: SOLUSDT
        Timeframe: 1h
        Risk: 1%
        Balance: $1000
        Min Volume: $1000
        Volatility Range: 0.1% - 5.0%
        ========================================================
        
2024-12-12 22:45:41,739 - INFO - [analyze:350] - 
==================================================
Starting analysis for SOLUSDT
==================================================
2024-12-12 22:45:41,739 - INFO - [analyze:356] - Step 1: Fetching historical data
2024-12-12 22:45:41,739 - INFO - [get_historical_data:76] - Fetching historical data for SOLUSDT (100 candles)
2024-12-12 22:45:41,953 - INFO - [get_historical_data:94] - Successfully fetched 100 candles
2024-12-12 22:45:41,984 - INFO - [analyze:363] - Step 2: Calculating technical indicators
2024-12-12 22:45:41,984 - INFO - [calculate_indicators:117] - Calculating technical indicators for SOLUSDT
2024-12-12 22:45:41,993 - INFO - [calculate_indicators:162] - Indicators calculated successfully in 0.01 seconds
2024-12-12 22:45:41,993 - INFO - [calculate_indicators:167] - 
            Latest Indicator Values for SOLUSDT:
            RSI: 60.83
            Short SMA: 230.42
            Long SMA: 229.69
            Volume Ratio: 1.33
            ATR: 2.82
            Volatility: 1.77%
            
2024-12-12 22:45:41,993 - INFO - [analyze:370] - Step 3: Analyzing market context
2024-12-12 22:45:41,993 - INFO - [analyze_market_context:186] - Analyzing market context for SOLUSDT
2024-12-12 22:45:41,993 - INFO - [analyze_market_context:232] - 
            Market Context Analysis for SOLUSDT:
            Trend: uptrend
            Trend Strength: 0.54
            Volatility: normal
            Volume Status: normal
            Suitable for Trading: True
            
2024-12-12 22:45:41,993 - INFO - [analyze:377] - Step 4: Searching for trading signals
2024-12-12 22:45:41,993 - INFO - [find_entry_points:274] - Searching for entry points for SOLUSDT
2024-12-12 22:45:41,994 - INFO - [find_entry_points:340] - Found 0 potential signals
2024-12-12 22:45:41,994 - INFO - [analyze:391] - 
            Analysis Results for SOLUSDT:
            Time taken: 0.25 seconds
            Latest price: 231.17
            Latest volume: 169702.368
            Number of signals: 0
            Market context: uptrend (strength: 0.54)
            Suitable for trading: True
            
2024-12-12 22:45:41,994 - INFO - [main:459] - No trading signals for SOLUSDT
2024-12-12 22:45:41,994 - INFO - [main:466] - 
        Analysis cycle #10 completed:
        Duration: 0.26 seconds
        Symbols analyzed: 1
        Next update in 5 minutes
        
