2024-12-15 13:18:09 - root - INFO - Logger initialized. Log file: logs/trading_2024-12-15.log
2024-12-15 13:18:09 - root - INFO - Current webhook info: url='' has_custom_certificate=False pending_update_count=0 ip_address=None last_error_date=None last_error_message=None last_synchronization_error_date=None max_connections=None allowed_updates=['message', 'callback_query']
2024-12-15 13:18:09 - root - INFO - Setting webhook to: https://90d3-115-135-78-99.ngrok-free.app/webhook/7517207828:AAFXf-BmeLeG414bWF6Qi1G0TIkm0Lpi528
2024-12-15 13:18:11 - root - INFO - Webhook set successfully
2024-12-15 13:18:11 - root - INFO - Verified webhook info: url='https://90d3-115-135-78-99.ngrok-free.app/webhook/7517207828:AAFXf-BmeLeG414bWF6Qi1G0TIkm0Lpi528' has_custom_certificate=False pending_update_count=0 ip_address='18.192.31.165' last_error_date=None last_error_message=None last_synchronization_error_date=None max_connections=40 allowed_updates=['message', 'callback_query']
2024-12-15 13:18:11 - background_tasks - INFO - Background tasks started
2024-12-15 13:18:11 - root - INFO - Application startup completed successfully
2024-12-15 13:18:11 - background_tasks - INFO - Starting signal analysis cycle
2024-12-15 13:18:11 - background_tasks - INFO - Processing symbol: BTCUSDT
2024-12-15 13:18:11 - trading.trading_system - INFO - Trading system initialized for BTCUSDT
2024-12-15 13:18:11 - trading.trading_system - INFO - 
==================================================
Starting analysis for BTCUSDT
==================================================
2024-12-15 13:18:11 - trading.trading_system - INFO - Step 1: Fetching historical data
2024-12-15 13:18:11 - trading.trading_system - INFO - Fetching historical data for BTCUSDT (100 candles)
2024-12-15 13:18:11 - trading.trading_system - INFO - Successfully fetched 100 candles
2024-12-15 13:18:11 - trading.trading_system - INFO - Step 2: Calculating technical indicators
2024-12-15 13:18:11 - trading.trading_system - INFO - Calculating indicators for BTCUSDT
2024-12-15 13:18:11 - trading.trading_system - INFO - Step 3: Analyzing market context
2024-12-15 13:18:11 - trading.trading_system - INFO - 
Анализ рыночного контекста для BTCUSDT
2024-12-15 13:18:11 - trading.trading_system - INFO - Анализ тренда:
2024-12-15 13:18:11 - trading.trading_system - INFO - - EMA тренд: восходящий
2024-12-15 13:18:11 - trading.trading_system - INFO - - Цена/VWAP: выше
2024-12-15 13:18:11 - trading.trading_system - INFO - - Цена/SMA: выше
2024-12-15 13:18:11 - trading.trading_system - INFO - Определен ВОСХОДЯЩИЙ тренд (2+ подтверждения)
2024-12-15 13:18:11 - trading.trading_system - INFO - 
Сила тренда: -0.04
2024-12-15 13:18:11 - trading.trading_system - INFO - - Разница EMA: 0.00
2024-12-15 13:18:11 - trading.trading_system - INFO - - Моментум цены: 0.27%
2024-12-15 13:18:11 - trading.trading_system - INFO - - Влияние объема: -0.73
2024-12-15 13:18:11 - trading.trading_system - INFO - 
Объем ПОНИЖЕННЫЙ (-72.7% от среднего)
2024-12-15 13:18:11 - trading.trading_system - INFO - Волатильность НОРМАЛЬНАЯ (-0.6 сигм от среднего)
2024-12-15 13:18:11 - trading.trading_system - INFO - Моментум НЕЙТРАЛЬНЫЙ (0.3%)
2024-12-15 13:18:11 - trading.trading_system - INFO - 
РИСК НИЗКИЙ: нет тревожных факторов
2024-12-15 13:18:11 - trading.trading_system - INFO - 
ПРОВЕРКА УСЛОВИЙ ДЛЯ ТОРГОВЛИ:
2024-12-15 13:18:11 - trading.trading_system - INFO - ✓ Тренд определен: True
2024-12-15 13:18:11 - trading.trading_system - INFO - ✓ Достаточный объем: False
2024-12-15 13:18:11 - trading.trading_system - INFO - ✓ Приемлемый риск: True
2024-12-15 13:18:11 - trading.trading_system - INFO - ИТОГ: ❌ Не подходит для торговли (не выполнено: min_volume)
2024-12-15 13:18:11 - trading.trading_system - INFO - Step 4: Searching for trading signals
2024-12-15 13:18:11 - trading.trading_system - INFO - Searching for entry points and pre-signals for BTCUSDT
2024-12-15 13:18:11 - trading.trading_system - INFO - BTCUSDT: Market context not suitable for trading
2024-12-15 13:18:11 - background_tasks - INFO - Processing symbol: ETHUSDT
2024-12-15 13:18:11 - trading.trading_system - INFO - Trading system initialized for ETHUSDT
2024-12-15 13:18:11 - trading.trading_system - INFO - 
==================================================
Starting analysis for ETHUSDT
==================================================
2024-12-15 13:18:11 - trading.trading_system - INFO - Step 1: Fetching historical data
2024-12-15 13:18:11 - trading.trading_system - INFO - Fetching historical data for ETHUSDT (100 candles)
2024-12-15 13:18:11 - trading.trading_system - INFO - Successfully fetched 100 candles
2024-12-15 13:18:11 - trading.trading_system - INFO - Step 2: Calculating technical indicators
2024-12-15 13:18:11 - trading.trading_system - INFO - Calculating indicators for ETHUSDT
2024-12-15 13:18:11 - trading.trading_system - INFO - Step 3: Analyzing market context
2024-12-15 13:18:11 - trading.trading_system - INFO - 
Анализ рыночного контекста для ETHUSDT
2024-12-15 13:18:11 - trading.trading_system - INFO - Анализ тренда:
2024-12-15 13:18:11 - trading.trading_system - INFO - - EMA тренд: восходящий
2024-12-15 13:18:11 - trading.trading_system - INFO - - Цена/VWAP: выше
2024-12-15 13:18:11 - trading.trading_system - INFO - - Цена/SMA: выше
2024-12-15 13:18:11 - trading.trading_system - INFO - Определен ВОСХОДЯЩИЙ тренд (2+ подтверждения)
2024-12-15 13:18:11 - trading.trading_system - INFO - 
Сила тренда: -0.11
2024-12-15 13:18:11 - trading.trading_system - INFO - - Разница EMA: 0.00
2024-12-15 13:18:11 - trading.trading_system - INFO - - Моментум цены: 0.14%
2024-12-15 13:18:11 - trading.trading_system - INFO - - Влияние объема: -0.85
2024-12-15 13:18:11 - trading.trading_system - INFO - 
Объем ПОНИЖЕННЫЙ (-85.3% от среднего)
2024-12-15 13:18:11 - trading.trading_system - INFO - Волатильность НОРМАЛЬНАЯ (-0.8 сигм от среднего)
2024-12-15 13:18:11 - trading.trading_system - INFO - Моментум НЕЙТРАЛЬНЫЙ (0.1%)
2024-12-15 13:18:11 - trading.trading_system - INFO - 
РИСК НИЗКИЙ: нет тревожных факторов
2024-12-15 13:18:11 - trading.trading_system - INFO - 
ПРОВЕРКА УСЛОВИЙ ДЛЯ ТОРГОВЛИ:
2024-12-15 13:18:11 - trading.trading_system - INFO - ✓ Тренд определен: True
2024-12-15 13:18:11 - trading.trading_system - INFO - ✓ Достаточный объем: True
2024-12-15 13:18:11 - trading.trading_system - INFO - ✓ Приемлемый риск: True
2024-12-15 13:18:11 - trading.trading_system - INFO - ИТОГ: ✅ Подходит для торговли
2024-12-15 13:18:11 - trading.trading_system - INFO - Step 4: Searching for trading signals
2024-12-15 13:18:11 - trading.trading_system - INFO - Searching for entry points and pre-signals for ETHUSDT
2024-12-15 13:18:11 - trading.trading_system - INFO - ETHUSDT: Проверка условий для покупки
2024-12-15 13:18:11 - trading.trading_system - INFO - ETHUSDT: RSI текущий: 51.45, предыдущий: 52.89
2024-12-15 13:18:11 - trading.trading_system - INFO - ETHUSDT: BB расстояние до нижней границы: 1.65%
2024-12-15 13:18:11 - trading.trading_system - INFO - ETHUSDT: Найден пре-сигнал BB, вероятность: 0.54
2024-12-15 13:18:11 - trading.trading_system - INFO - ETHUSDT: Итоговые пре-сигналы:
2024-12-15 13:18:11 - trading.trading_system - INFO -   - POTENTIAL_LONG: Цена приближается к нижней границе Боллинджера, вероятность: 0.54
2024-12-15 13:18:11 - trading.trading_system - INFO - Found 0 signals and 1 pre-signals
2024-12-15 13:18:11 - background_tasks - INFO - Processing symbol: SOLUSDT
2024-12-15 13:18:11 - trading.trading_system - INFO - Trading system initialized for SOLUSDT
2024-12-15 13:18:11 - trading.trading_system - INFO - 
==================================================
Starting analysis for SOLUSDT
==================================================
2024-12-15 13:18:11 - trading.trading_system - INFO - Step 1: Fetching historical data
2024-12-15 13:18:11 - trading.trading_system - INFO - Fetching historical data for SOLUSDT (100 candles)
2024-12-15 13:18:11 - trading.trading_system - INFO - Successfully fetched 100 candles
2024-12-15 13:18:11 - trading.trading_system - INFO - Step 2: Calculating technical indicators
2024-12-15 13:18:11 - trading.trading_system - INFO - Calculating indicators for SOLUSDT
2024-12-15 13:18:11 - trading.trading_system - INFO - Step 3: Analyzing market context
2024-12-15 13:18:11 - trading.trading_system - INFO - 
Анализ рыночного контекста для SOLUSDT
2024-12-15 13:18:11 - trading.trading_system - INFO - Анализ тренда:
2024-12-15 13:18:11 - trading.trading_system - INFO - - EMA тренд: нисходящий
2024-12-15 13:18:11 - trading.trading_system - INFO - - Цена/VWAP: ниже
2024-12-15 13:18:11 - trading.trading_system - INFO - - Цена/SMA: выше
2024-12-15 13:18:11 - trading.trading_system - INFO - Определен НИСХОДЯЩИЙ тренд (2+ подтверждения)
2024-12-15 13:18:11 - trading.trading_system - INFO - 
Сила тренда: -0.04
2024-12-15 13:18:11 - trading.trading_system - INFO - - Разница EMA: 0.00
2024-12-15 13:18:11 - trading.trading_system - INFO - - Моментум цены: 0.30%
2024-12-15 13:18:11 - trading.trading_system - INFO - - Влияние объема: -0.79
2024-12-15 13:18:11 - trading.trading_system - INFO - 
Объем ПОНИЖЕННЫЙ (-78.6% от среднего)
2024-12-15 13:18:11 - trading.trading_system - INFO - Волатильность НОРМАЛЬНАЯ (0.3 сигм от среднего)
2024-12-15 13:18:11 - trading.trading_system - INFO - Моментум НЕЙТРАЛЬНЫЙ (-0.3%)
2024-12-15 13:18:11 - trading.trading_system - INFO - 
РИСК НИЗКИЙ: нет тревожных факторов
2024-12-15 13:18:11 - trading.trading_system - INFO - 
ПРОВЕРКА УСЛОВИЙ ДЛЯ ТОРГОВЛИ:
2024-12-15 13:18:11 - trading.trading_system - INFO - ✓ Тренд определен: True
2024-12-15 13:18:11 - trading.trading_system - INFO - ✓ Достаточный объем: True
2024-12-15 13:18:11 - trading.trading_system - INFO - ✓ Приемлемый риск: True
2024-12-15 13:18:11 - trading.trading_system - INFO - ИТОГ: ✅ Подходит для торговли
2024-12-15 13:18:11 - trading.trading_system - INFO - Step 4: Searching for trading signals
2024-12-15 13:18:11 - trading.trading_system - INFO - Searching for entry points and pre-signals for SOLUSDT
2024-12-15 13:18:11 - trading.trading_system - INFO - SOLUSDT: Проверка условий для продажи
2024-12-15 13:18:11 - trading.trading_system - INFO - SOLUSDT: RSI текущий: 43.84, предыдущий: 45.45
2024-12-15 13:18:11 - trading.trading_system - INFO - SOLUSDT: BB расстояние до верхней границы: 2.01%
2024-12-15 13:18:11 - trading.trading_system - INFO - SOLUSDT: Найден пре-сигнал BB, вероятность: 0.50
2024-12-15 13:18:11 - trading.trading_system - INFO - SOLUSDT: Итоговые пре-сигналы:
2024-12-15 13:18:11 - trading.trading_system - INFO -   - POTENTIAL_SHORT: Цена приближается к верхней границе Боллинджера, вероятность: 0.50
2024-12-15 13:18:11 - trading.trading_system - INFO - Found 0 signals and 1 pre-signals
2024-12-15 13:18:11 - background_tasks - INFO - Processing symbol: BNBUSDT
2024-12-15 13:18:11 - trading.trading_system - INFO - Trading system initialized for BNBUSDT
2024-12-15 13:18:11 - trading.trading_system - INFO - 
==================================================
Starting analysis for BNBUSDT
==================================================
2024-12-15 13:18:11 - trading.trading_system - INFO - Step 1: Fetching historical data
2024-12-15 13:18:11 - trading.trading_system - INFO - Fetching historical data for BNBUSDT (100 candles)
2024-12-15 13:18:11 - trading.trading_system - INFO - Successfully fetched 100 candles
2024-12-15 13:18:11 - trading.trading_system - INFO - Step 2: Calculating technical indicators
2024-12-15 13:18:11 - trading.trading_system - INFO - Calculating indicators for BNBUSDT
2024-12-15 13:18:11 - trading.trading_system - INFO - Step 3: Analyzing market context
2024-12-15 13:18:11 - trading.trading_system - INFO - 
Анализ рыночного контекста для BNBUSDT
2024-12-15 13:18:11 - trading.trading_system - INFO - Анализ тренда:
2024-12-15 13:18:11 - trading.trading_system - INFO - - EMA тренд: нисходящий
2024-12-15 13:18:11 - trading.trading_system - INFO - - Цена/VWAP: выше
2024-12-15 13:18:11 - trading.trading_system - INFO - - Цена/SMA: выше
2024-12-15 13:18:11 - trading.trading_system - INFO - Определен ВОСХОДЯЩИЙ тренд (2+ подтверждения)
2024-12-15 13:18:11 - trading.trading_system - INFO - 
Сила тренда: -0.06
2024-12-15 13:18:11 - trading.trading_system - INFO - - Разница EMA: 0.00
2024-12-15 13:18:11 - trading.trading_system - INFO - - Моментум цены: 0.27%
2024-12-15 13:18:11 - trading.trading_system - INFO - - Влияние объема: -0.85
2024-12-15 13:18:11 - trading.trading_system - INFO - 
Объем ПОНИЖЕННЫЙ (-85.2% от среднего)
2024-12-15 13:18:11 - trading.trading_system - INFO - Волатильность НОРМАЛЬНАЯ (-1.3 сигм от среднего)
2024-12-15 13:18:11 - trading.trading_system - INFO - Моментум НЕЙТРАЛЬНЫЙ (-0.3%)
2024-12-15 13:18:11 - trading.trading_system - INFO - 
РИСК НИЗКИЙ: нет тревожных факторов
2024-12-15 13:18:11 - trading.trading_system - INFO - 
ПРОВЕРКА УСЛОВИЙ ДЛЯ ТОРГОВЛИ:
2024-12-15 13:18:11 - trading.trading_system - INFO - ✓ Тренд определен: True
2024-12-15 13:18:11 - trading.trading_system - INFO - ✓ Достаточный объем: True
2024-12-15 13:18:11 - trading.trading_system - INFO - ✓ Приемлемый риск: True
2024-12-15 13:18:11 - trading.trading_system - INFO - ИТОГ: ✅ Подходит для торговли
2024-12-15 13:18:11 - trading.trading_system - INFO - Step 4: Searching for trading signals
2024-12-15 13:18:11 - trading.trading_system - INFO - Searching for entry points and pre-signals for BNBUSDT
2024-12-15 13:18:11 - trading.trading_system - INFO - BNBUSDT: Проверка условий для покупки
2024-12-15 13:18:11 - trading.trading_system - INFO - BNBUSDT: RSI текущий: 50.13, предыдущий: 51.09
2024-12-15 13:18:11 - trading.trading_system - INFO - BNBUSDT: BB расстояние до нижней границы: 1.36%
2024-12-15 13:18:11 - trading.trading_system - INFO - BNBUSDT: Найден пре-сигнал BB, вероятность: 0.56
2024-12-15 13:18:11 - trading.trading_system - INFO - BNBUSDT: Итоговые пре-сигналы:
2024-12-15 13:18:11 - trading.trading_system - INFO -   - POTENTIAL_LONG: Цена приближается к нижней границе Боллинджера, вероятность: 0.56
2024-12-15 13:18:11 - trading.trading_system - INFO - Found 0 signals and 1 pre-signals
2024-12-15 13:18:11 - background_tasks - INFO - Processing symbol: ADAUSDT
2024-12-15 13:18:11 - trading.trading_system - INFO - Trading system initialized for ADAUSDT
2024-12-15 13:18:11 - trading.trading_system - INFO - 
==================================================
Starting analysis for ADAUSDT
==================================================
2024-12-15 13:18:11 - trading.trading_system - INFO - Step 1: Fetching historical data
2024-12-15 13:18:11 - trading.trading_system - INFO - Fetching historical data for ADAUSDT (100 candles)
2024-12-15 13:18:11 - trading.trading_system - INFO - Successfully fetched 100 candles
2024-12-15 13:18:11 - trading.trading_system - INFO - Step 2: Calculating technical indicators
2024-12-15 13:18:11 - trading.trading_system - INFO - Calculating indicators for ADAUSDT
2024-12-15 13:18:11 - trading.trading_system - INFO - Step 3: Analyzing market context
2024-12-15 13:18:11 - trading.trading_system - INFO - 
Анализ рыночного контекста для ADAUSDT
2024-12-15 13:18:11 - trading.trading_system - INFO - Анализ тренда:
2024-12-15 13:18:11 - trading.trading_system - INFO - - EMA тренд: нисходящий
2024-12-15 13:18:11 - trading.trading_system - INFO - - Цена/VWAP: ниже
2024-12-15 13:18:11 - trading.trading_system - INFO - - Цена/SMA: выше
2024-12-15 13:18:11 - trading.trading_system - INFO - Определен НИСХОДЯЩИЙ тренд (2+ подтверждения)
2024-12-15 13:18:11 - trading.trading_system - INFO - 
Сила тренда: -0.14
2024-12-15 13:18:11 - trading.trading_system - INFO - - Разница EMA: 0.00
2024-12-15 13:18:11 - trading.trading_system - INFO - - Моментум цены: 0.07%
2024-12-15 13:18:11 - trading.trading_system - INFO - - Влияние объема: -0.83
2024-12-15 13:18:11 - trading.trading_system - INFO - 
Объем ПОНИЖЕННЫЙ (-82.8% от среднего)
2024-12-15 13:18:11 - trading.trading_system - INFO - Волатильность НОРМАЛЬНАЯ (-0.6 сигм от среднего)
2024-12-15 13:18:11 - trading.trading_system - INFO - Моментум НЕЙТРАЛЬНЫЙ (-0.1%)
2024-12-15 13:18:11 - trading.trading_system - INFO - 
РИСК НИЗКИЙ: нет тревожных факторов
2024-12-15 13:18:11 - trading.trading_system - INFO - 
ПРОВЕРКА УСЛОВИЙ ДЛЯ ТОРГОВЛИ:
2024-12-15 13:18:11 - trading.trading_system - INFO - ✓ Тренд определен: True
2024-12-15 13:18:11 - trading.trading_system - INFO - ✓ Достаточный объем: True
2024-12-15 13:18:11 - trading.trading_system - INFO - ✓ Приемлемый риск: True
2024-12-15 13:18:11 - trading.trading_system - INFO - ИТОГ: ✅ Подходит для торговли
2024-12-15 13:18:11 - trading.trading_system - INFO - Step 4: Searching for trading signals
2024-12-15 13:18:11 - trading.trading_system - INFO - Searching for entry points and pre-signals for ADAUSDT
2024-12-15 13:18:11 - trading.trading_system - INFO - ADAUSDT: Проверка условий для продажи
2024-12-15 13:18:11 - trading.trading_system - INFO - ADAUSDT: RSI текущий: 46.24, предыдущий: 45.64
2024-12-15 13:18:11 - trading.trading_system - INFO - ADAUSDT: BB расстояние до верхней границы: 2.60%
2024-12-15 13:18:11 - trading.trading_system - INFO - ADAUSDT: Найден пре-сигнал BB, вероятность: 0.44
2024-12-15 13:18:11 - trading.trading_system - INFO - ADAUSDT: Итоговые пре-сигналы:
2024-12-15 13:18:11 - trading.trading_system - INFO -   - POTENTIAL_SHORT: Цена приближается к верхней границе Боллинджера, вероятность: 0.44
2024-12-15 13:18:11 - trading.trading_system - INFO - Found 0 signals and 1 pre-signals
2024-12-15 13:18:11 - background_tasks - INFO - Analysis cycle completed in 0.70 seconds
2024-12-15 13:18:11 - root - INFO - Application started on port 8000
2024-12-15 13:18:25 - aiohttp.access - INFO - 127.0.0.1 [15/Dec/2024:13:18:25 +0800] "POST /webhook/7517207828:AAFXf-BmeLeG414bWF6Qi1G0TIkm0Lpi528 HTTP/1.1" 200 161 "-" "-"
2024-12-15 13:18:25 - aiogram.event - INFO - Update id=620539573 is handled. Duration 228 ms by bot id=7517207828
2024-12-15 13:18:36 - aiohttp.access - INFO - 127.0.0.1 [15/Dec/2024:13:18:36 +0800] "POST /webhook/7517207828:AAFXf-BmeLeG414bWF6Qi1G0TIkm0Lpi528 HTTP/1.1" 200 161 "-" "-"
2024-12-15 13:18:36 - aiogram.event - INFO - Update id=620539574 is handled. Duration 227 ms by bot id=7517207828
2024-12-15 13:18:43 - aiohttp.access - INFO - 127.0.0.1 [15/Dec/2024:13:18:43 +0800] "POST /webhook/7517207828:AAFXf-BmeLeG414bWF6Qi1G0TIkm0Lpi528 HTTP/1.1" 200 161 "-" "-"
2024-12-15 13:18:43 - trading.trading_system - INFO - Trading system initialized for BTCUSDT
2024-12-15 13:18:43 - trading.trading_system - INFO - 
==================================================
Starting analysis for BTCUSDT
==================================================
2024-12-15 13:18:43 - trading.trading_system - INFO - Step 1: Fetching historical data
2024-12-15 13:18:43 - trading.trading_system - INFO - Fetching historical data for BTCUSDT (100 candles)
2024-12-15 13:18:43 - trading.trading_system - INFO - Successfully fetched 100 candles
2024-12-15 13:18:43 - trading.trading_system - INFO - Step 2: Calculating technical indicators
2024-12-15 13:18:43 - trading.trading_system - INFO - Calculating indicators for BTCUSDT
2024-12-15 13:18:43 - trading.trading_system - INFO - Step 3: Analyzing market context
2024-12-15 13:18:43 - trading.trading_system - INFO - 
Анализ рыночного контекста для BTCUSDT
2024-12-15 13:18:43 - trading.trading_system - INFO - Анализ тренда:
2024-12-15 13:18:43 - trading.trading_system - INFO - - EMA тренд: восходящий
2024-12-15 13:18:43 - trading.trading_system - INFO - - Цена/VWAP: выше
2024-12-15 13:18:43 - trading.trading_system - INFO - - Цена/SMA: выше
2024-12-15 13:18:43 - trading.trading_system - INFO - Определен ВОСХОДЯЩИЙ тренд (2+ подтверждения)
2024-12-15 13:18:43 - trading.trading_system - INFO - 
Сила тренда: -0.02
2024-12-15 13:18:43 - trading.trading_system - INFO - - Разница EMA: 0.00
2024-12-15 13:18:43 - trading.trading_system - INFO - - Моментум цены: 0.30%
2024-12-15 13:18:43 - trading.trading_system - INFO - - Влияние объема: -0.72
2024-12-15 13:18:43 - trading.trading_system - INFO - 
Объем ПОНИЖЕННЫЙ (-71.7% от среднего)
2024-12-15 13:18:43 - trading.trading_system - INFO - Волатильность НОРМАЛЬНАЯ (-0.6 сигм от среднего)
2024-12-15 13:18:43 - trading.trading_system - INFO - Моментум НЕЙТРАЛЬНЫЙ (0.3%)
2024-12-15 13:18:43 - trading.trading_system - INFO - 
РИСК НИЗКИЙ: нет тревожных факторов
2024-12-15 13:18:43 - trading.trading_system - INFO - 
ПРОВЕРКА УСЛОВИЙ ДЛЯ ТОРГОВЛИ:
2024-12-15 13:18:43 - trading.trading_system - INFO - ✓ Тренд определен: True
2024-12-15 13:18:43 - trading.trading_system - INFO - ✓ Достаточный объем: False
2024-12-15 13:18:43 - trading.trading_system - INFO - ✓ Приемлемый риск: True
2024-12-15 13:18:43 - trading.trading_system - INFO - ИТОГ: ❌ Не подходит для торговли (не выполнено: min_volume)
2024-12-15 13:18:43 - trading.trading_system - INFO - Step 4: Searching for trading signals
2024-12-15 13:18:43 - trading.trading_system - INFO - Searching for entry points and pre-signals for BTCUSDT
2024-12-15 13:18:43 - trading.trading_system - INFO - BTCUSDT: Market context not suitable for trading
2024-12-15 13:18:43 - trading.trading_system - INFO - Trading system initialized for ETHUSDT
2024-12-15 13:18:43 - trading.trading_system - INFO - 
==================================================
Starting analysis for ETHUSDT
==================================================
2024-12-15 13:18:43 - trading.trading_system - INFO - Step 1: Fetching historical data
2024-12-15 13:18:43 - trading.trading_system - INFO - Fetching historical data for ETHUSDT (100 candles)
2024-12-15 13:18:43 - trading.trading_system - INFO - Successfully fetched 100 candles
2024-12-15 13:18:43 - trading.trading_system - INFO - Step 2: Calculating technical indicators
2024-12-15 13:18:43 - trading.trading_system - INFO - Calculating indicators for ETHUSDT
2024-12-15 13:18:43 - trading.trading_system - INFO - Step 3: Analyzing market context
2024-12-15 13:18:43 - trading.trading_system - INFO - 
Анализ рыночного контекста для ETHUSDT
2024-12-15 13:18:43 - trading.trading_system - INFO - Анализ тренда:
2024-12-15 13:18:43 - trading.trading_system - INFO - - EMA тренд: восходящий
2024-12-15 13:18:43 - trading.trading_system - INFO - - Цена/VWAP: выше
2024-12-15 13:18:43 - trading.trading_system - INFO - - Цена/SMA: выше
2024-12-15 13:18:43 - trading.trading_system - INFO - Определен ВОСХОДЯЩИЙ тренд (2+ подтверждения)
2024-12-15 13:18:43 - trading.trading_system - INFO - 
Сила тренда: -0.10
2024-12-15 13:18:43 - trading.trading_system - INFO - - Разница EMA: 0.00
2024-12-15 13:18:43 - trading.trading_system - INFO - - Моментум цены: 0.17%
2024-12-15 13:18:43 - trading.trading_system - INFO - - Влияние объема: -0.84
2024-12-15 13:18:43 - trading.trading_system - INFO - 
Объем ПОНИЖЕННЫЙ (-83.6% от среднего)
2024-12-15 13:18:43 - trading.trading_system - INFO - Волатильность НОРМАЛЬНАЯ (-0.7 сигм от среднего)
2024-12-15 13:18:43 - trading.trading_system - INFO - Моментум НЕЙТРАЛЬНЫЙ (0.2%)
2024-12-15 13:18:43 - trading.trading_system - INFO - 
РИСК НИЗКИЙ: нет тревожных факторов
2024-12-15 13:18:43 - trading.trading_system - INFO - 
ПРОВЕРКА УСЛОВИЙ ДЛЯ ТОРГОВЛИ:
2024-12-15 13:18:43 - trading.trading_system - INFO - ✓ Тренд определен: True
2024-12-15 13:18:43 - trading.trading_system - INFO - ✓ Достаточный объем: True
2024-12-15 13:18:43 - trading.trading_system - INFO - ✓ Приемлемый риск: True
2024-12-15 13:18:43 - trading.trading_system - INFO - ИТОГ: ✅ Подходит для торговли
2024-12-15 13:18:43 - trading.trading_system - INFO - Step 4: Searching for trading signals
2024-12-15 13:18:43 - trading.trading_system - INFO - Searching for entry points and pre-signals for ETHUSDT
2024-12-15 13:18:43 - trading.trading_system - INFO - ETHUSDT: Проверка условий для покупки
2024-12-15 13:18:43 - trading.trading_system - INFO - ETHUSDT: RSI текущий: 51.68, предыдущий: 52.89
2024-12-15 13:18:43 - trading.trading_system - INFO - ETHUSDT: BB расстояние до нижней границы: 1.68%
2024-12-15 13:18:43 - trading.trading_system - INFO - ETHUSDT: Найден пре-сигнал BB, вероятность: 0.53
2024-12-15 13:18:43 - trading.trading_system - INFO - ETHUSDT: Итоговые пре-сигналы:
2024-12-15 13:18:43 - trading.trading_system - INFO -   - POTENTIAL_LONG: Цена приближается к нижней границе Боллинджера, вероятность: 0.53
2024-12-15 13:18:43 - trading.trading_system - INFO - Found 0 signals and 1 pre-signals
2024-12-15 13:18:43 - trading.trading_system - INFO - Trading system initialized for SOLUSDT
2024-12-15 13:18:43 - trading.trading_system - INFO - 
==================================================
Starting analysis for SOLUSDT
==================================================
2024-12-15 13:18:43 - trading.trading_system - INFO - Step 1: Fetching historical data
2024-12-15 13:18:43 - trading.trading_system - INFO - Fetching historical data for SOLUSDT (100 candles)
2024-12-15 13:18:43 - trading.trading_system - INFO - Successfully fetched 100 candles
2024-12-15 13:18:43 - trading.trading_system - INFO - Step 2: Calculating technical indicators
2024-12-15 13:18:43 - trading.trading_system - INFO - Calculating indicators for SOLUSDT
2024-12-15 13:18:43 - trading.trading_system - INFO - Step 3: Analyzing market context
2024-12-15 13:18:43 - trading.trading_system - INFO - 
Анализ рыночного контекста для SOLUSDT
2024-12-15 13:18:43 - trading.trading_system - INFO - Анализ тренда:
2024-12-15 13:18:43 - trading.trading_system - INFO - - EMA тренд: нисходящий
2024-12-15 13:18:43 - trading.trading_system - INFO - - Цена/VWAP: ниже
2024-12-15 13:18:43 - trading.trading_system - INFO - - Цена/SMA: выше
2024-12-15 13:18:43 - trading.trading_system - INFO - Определен НИСХОДЯЩИЙ тренд (2+ подтверждения)
2024-12-15 13:18:43 - trading.trading_system - INFO - 
Сила тренда: -0.07
2024-12-15 13:18:43 - trading.trading_system - INFO - - Разница EMA: 0.00
2024-12-15 13:18:43 - trading.trading_system - INFO - - Моментум цены: 0.22%
2024-12-15 13:18:43 - trading.trading_system - INFO - - Влияние объема: -0.77
2024-12-15 13:18:43 - trading.trading_system - INFO - 
Объем ПОНИЖЕННЫЙ (-77.5% от среднего)
2024-12-15 13:18:43 - trading.trading_system - INFO - Волатильность НОРМАЛЬНАЯ (0.3 сигм от среднего)
2024-12-15 13:18:43 - trading.trading_system - INFO - Моментум НЕЙТРАЛЬНЫЙ (-0.2%)
2024-12-15 13:18:43 - trading.trading_system - INFO - 
РИСК НИЗКИЙ: нет тревожных факторов
2024-12-15 13:18:43 - trading.trading_system - INFO - 
ПРОВЕРКА УСЛОВИЙ ДЛЯ ТОРГОВЛИ:
2024-12-15 13:18:43 - trading.trading_system - INFO - ✓ Тренд определен: True
2024-12-15 13:18:43 - trading.trading_system - INFO - ✓ Достаточный объем: True
2024-12-15 13:18:43 - trading.trading_system - INFO - ✓ Приемлемый риск: True
2024-12-15 13:18:43 - trading.trading_system - INFO - ИТОГ: ✅ Подходит для торговли
2024-12-15 13:18:43 - trading.trading_system - INFO - Step 4: Searching for trading signals
2024-12-15 13:18:43 - trading.trading_system - INFO - Searching for entry points and pre-signals for SOLUSDT
2024-12-15 13:18:43 - trading.trading_system - INFO - SOLUSDT: Проверка условий для продажи
2024-12-15 13:18:43 - trading.trading_system - INFO - SOLUSDT: RSI текущий: 44.46, предыдущий: 45.45
2024-12-15 13:18:43 - trading.trading_system - INFO - SOLUSDT: BB расстояние до верхней границы: 1.94%
2024-12-15 13:18:43 - trading.trading_system - INFO - SOLUSDT: Найден пре-сигнал BB, вероятность: 0.51
2024-12-15 13:18:43 - trading.trading_system - INFO - SOLUSDT: Итоговые пре-сигналы:
2024-12-15 13:18:43 - trading.trading_system - INFO -   - POTENTIAL_SHORT: Цена приближается к верхней границе Боллинджера, вероятность: 0.51
2024-12-15 13:18:43 - trading.trading_system - INFO - Found 0 signals and 1 pre-signals
2024-12-15 13:18:43 - trading.trading_system - INFO - Trading system initialized for BNBUSDT
2024-12-15 13:18:43 - trading.trading_system - INFO - 
==================================================
Starting analysis for BNBUSDT
==================================================
2024-12-15 13:18:43 - trading.trading_system - INFO - Step 1: Fetching historical data
2024-12-15 13:18:43 - trading.trading_system - INFO - Fetching historical data for BNBUSDT (100 candles)
2024-12-15 13:18:43 - trading.trading_system - INFO - Successfully fetched 100 candles
2024-12-15 13:18:43 - trading.trading_system - INFO - Step 2: Calculating technical indicators
2024-12-15 13:18:43 - trading.trading_system - INFO - Calculating indicators for BNBUSDT
2024-12-15 13:18:43 - trading.trading_system - INFO - Step 3: Analyzing market context
2024-12-15 13:18:43 - trading.trading_system - INFO - 
Анализ рыночного контекста для BNBUSDT
2024-12-15 13:18:43 - trading.trading_system - INFO - Анализ тренда:
2024-12-15 13:18:43 - trading.trading_system - INFO - - EMA тренд: нисходящий
2024-12-15 13:18:43 - trading.trading_system - INFO - - Цена/VWAP: выше
2024-12-15 13:18:43 - trading.trading_system - INFO - - Цена/SMA: выше
2024-12-15 13:18:43 - trading.trading_system - INFO - Определен ВОСХОДЯЩИЙ тренд (2+ подтверждения)
2024-12-15 13:18:43 - trading.trading_system - INFO - 
Сила тренда: -0.07
2024-12-15 13:18:43 - trading.trading_system - INFO - - Разница EMA: 0.00
2024-12-15 13:18:43 - trading.trading_system - INFO - - Моментум цены: 0.26%
2024-12-15 13:18:43 - trading.trading_system - INFO - - Влияние объема: -0.85
2024-12-15 13:18:43 - trading.trading_system - INFO - 
Объем ПОНИЖЕННЫЙ (-84.8% от среднего)
2024-12-15 13:18:43 - trading.trading_system - INFO - Волатильность НОРМАЛЬНАЯ (-1.3 сигм от среднего)
2024-12-15 13:18:43 - trading.trading_system - INFO - Моментум НЕЙТРАЛЬНЫЙ (-0.3%)
2024-12-15 13:18:43 - trading.trading_system - INFO - 
РИСК НИЗКИЙ: нет тревожных факторов
2024-12-15 13:18:43 - trading.trading_system - INFO - 
ПРОВЕРКА УСЛОВИЙ ДЛЯ ТОРГОВЛИ:
2024-12-15 13:18:43 - trading.trading_system - INFO - ✓ Тренд определен: True
2024-12-15 13:18:43 - trading.trading_system - INFO - ✓ Достаточный объем: True
2024-12-15 13:18:43 - trading.trading_system - INFO - ✓ Приемлемый риск: True
2024-12-15 13:18:43 - trading.trading_system - INFO - ИТОГ: ✅ Подходит для торговли
2024-12-15 13:18:43 - trading.trading_system - INFO - Step 4: Searching for trading signals
2024-12-15 13:18:43 - trading.trading_system - INFO - Searching for entry points and pre-signals for BNBUSDT
2024-12-15 13:18:43 - trading.trading_system - INFO - BNBUSDT: Проверка условий для покупки
2024-12-15 13:18:43 - trading.trading_system - INFO - BNBUSDT: RSI текущий: 50.23, предыдущий: 51.09
2024-12-15 13:18:43 - trading.trading_system - INFO - BNBUSDT: BB расстояние до нижней границы: 1.37%
2024-12-15 13:18:43 - trading.trading_system - INFO - BNBUSDT: Найден пре-сигнал BB, вероятность: 0.56
2024-12-15 13:18:43 - trading.trading_system - INFO - BNBUSDT: Итоговые пре-сигналы:
2024-12-15 13:18:43 - trading.trading_system - INFO -   - POTENTIAL_LONG: Цена приближается к нижней границе Боллинджера, вероятность: 0.56
2024-12-15 13:18:43 - trading.trading_system - INFO - Found 0 signals and 1 pre-signals
2024-12-15 13:18:43 - trading.trading_system - INFO - Trading system initialized for ADAUSDT
2024-12-15 13:18:43 - trading.trading_system - INFO - 
==================================================
Starting analysis for ADAUSDT
==================================================
2024-12-15 13:18:43 - trading.trading_system - INFO - Step 1: Fetching historical data
2024-12-15 13:18:43 - trading.trading_system - INFO - Fetching historical data for ADAUSDT (100 candles)
2024-12-15 13:18:43 - trading.trading_system - INFO - Successfully fetched 100 candles
2024-12-15 13:18:43 - trading.trading_system - INFO - Step 2: Calculating technical indicators
2024-12-15 13:18:43 - trading.trading_system - INFO - Calculating indicators for ADAUSDT
2024-12-15 13:18:43 - trading.trading_system - INFO - Step 3: Analyzing market context
2024-12-15 13:18:43 - trading.trading_system - INFO - 
Анализ рыночного контекста для ADAUSDT
2024-12-15 13:18:43 - trading.trading_system - INFO - Анализ тренда:
2024-12-15 13:18:43 - trading.trading_system - INFO - - EMA тренд: нисходящий
2024-12-15 13:18:43 - trading.trading_system - INFO - - Цена/VWAP: ниже
2024-12-15 13:18:43 - trading.trading_system - INFO - - Цена/SMA: выше
2024-12-15 13:18:43 - trading.trading_system - INFO - Определен НИСХОДЯЩИЙ тренд (2+ подтверждения)
2024-12-15 13:18:43 - trading.trading_system - INFO - 
Сила тренда: -0.16
2024-12-15 13:18:43 - trading.trading_system - INFO - - Разница EMA: 0.00
2024-12-15 13:18:43 - trading.trading_system - INFO - - Моментум цены: 0.01%
2024-12-15 13:18:43 - trading.trading_system - INFO - - Влияние объема: -0.82
2024-12-15 13:18:43 - trading.trading_system - INFO - 
Объем ПОНИЖЕННЫЙ (-82.4% от среднего)
2024-12-15 13:18:43 - trading.trading_system - INFO - Волатильность НОРМАЛЬНАЯ (-0.6 сигм от среднего)
2024-12-15 13:18:43 - trading.trading_system - INFO - Моментум НЕЙТРАЛЬНЫЙ (-0.0%)
2024-12-15 13:18:43 - trading.trading_system - INFO - 
РИСК НИЗКИЙ: нет тревожных факторов
2024-12-15 13:18:43 - trading.trading_system - INFO - 
ПРОВЕРКА УСЛОВИЙ ДЛЯ ТОРГОВЛИ:
2024-12-15 13:18:43 - trading.trading_system - INFO - ✓ Тренд определен: True
2024-12-15 13:18:43 - trading.trading_system - INFO - ✓ Достаточный объем: True
2024-12-15 13:18:43 - trading.trading_system - INFO - ✓ Приемлемый риск: True
2024-12-15 13:18:43 - trading.trading_system - INFO - ИТОГ: ✅ Подходит для торговли
2024-12-15 13:18:43 - trading.trading_system - INFO - Step 4: Searching for trading signals
2024-12-15 13:18:43 - trading.trading_system - INFO - Searching for entry points and pre-signals for ADAUSDT
2024-12-15 13:18:43 - trading.trading_system - INFO - ADAUSDT: Проверка условий для продажи
2024-12-15 13:18:43 - trading.trading_system - INFO - ADAUSDT: RSI текущий: 46.56, предыдущий: 45.64
2024-12-15 13:18:43 - trading.trading_system - INFO - ADAUSDT: BB расстояние до верхней границы: 2.54%
2024-12-15 13:18:43 - trading.trading_system - INFO - ADAUSDT: Найден пре-сигнал BB, вероятность: 0.45
2024-12-15 13:18:43 - trading.trading_system - INFO - ADAUSDT: Итоговые пре-сигналы:
2024-12-15 13:18:43 - trading.trading_system - INFO -   - POTENTIAL_SHORT: Цена приближается к верхней границе Боллинджера, вероятность: 0.45
2024-12-15 13:18:43 - trading.trading_system - INFO - Found 0 signals and 1 pre-signals
2024-12-15 13:18:43 - aiogram.event - INFO - Update id=620539575 is handled. Duration 867 ms by bot id=7517207828
2024-12-15 13:18:48 - background_tasks - INFO - Signal analysis task cancelled
2024-12-15 13:18:48 - background_tasks - INFO - Task signal_analysis stopped
2024-12-15 13:18:48 - background_tasks - INFO - Data cleanup task cancelled
2024-12-15 13:18:48 - background_tasks - INFO - Task data_cleanup stopped
2024-12-15 13:18:48 - background_tasks - INFO - All background tasks stopped
2024-12-15 13:18:49 - root - INFO - Application shutdown completed successfully
2024-12-15 13:18:49 - root - INFO - Application stopped by user
